<?xml version="1.0" encoding="UTF-8"?>
<!-- Generated by org.testng.reporters.JUnitReportReporter -->
<testsuite hostname="AURBLRLT-2089" failures="0" tests="1" name="gitPractise.LaunchBrowserTest" time="11.209" errors="0" timestamp="2024-02-08T11:32:29 IST" skipped="0">
  <testcase classname="gitPractise.LaunchBrowserTest" name="launchBrowser" time="11.209"/>
  <system-out/>
</testsuite> <!-- gitPractise.LaunchBrowserTest -->
