<?xml version="1.0" encoding="UTF-8"?>
<!-- Generated by org.testng.reporters.JUnitReportReporter -->
<testsuite hostname="AURBLRLT-2089" failures="0" tests="1" name="gitPractise.LaunchBrowserTest" time="46.527" errors="0" timestamp="2024-02-08T17:29:02 IST" skipped="0">
  <testcase classname="gitPractise.LaunchBrowserTest" name="launchBrowser" time="46.527"/>
  <system-out/>
</testsuite> <!-- gitPractise.LaunchBrowserTest -->
